
      00000
      00000
      00000
      00000
      00000
11111|22222|33333|44444
11111|22222|33333|44444
11111|22222|33333|44444
11111|22222|33333|44444
11111|22222|33333|44444
      55555
      55555
      55555
      55555
      55555

      00000
      00000
      00000
      00000
      11111
11115|22222|03333|44444
11115|22222|03333|44444
11115|22222|03333|44444
11115|22222|03333|44444
11115|22222|03333|44444
      33333
      55555
      55555
      55555
      55555

      00001
      00001
      00001
      00001
      00001
44444|11115|22222|03333
11115|22222|03333|44444
11115|22222|03333|44444
11115|22222|03333|44444
11115|22222|03333|44444
      33333
      55555
      55555
      55555
      55555

      00003
      00005
      00005
      00005
      00005
44444|11114|33330|23333
11115|22224|33330|24444
11115|22224|33330|24444
11115|22224|33330|24444
11115|22220|22222|54444
      33331
      55551
      55551
      55551
      55551

      00000
      00000
      00000
      00000
      00000
11111|22222|33333|44444
11111|22222|33333|44444
11111|22222|33333|44444
11111|22222|33333|44444
11111|22222|33333|44444
      55555
      55555
      55555
      55555
      55555
